<?xml version="1.0" encoding="UTF-8"?>
<!-- Generated by org.testng.reporters.JUnitXMLReporter -->
<testsuite ignored="4" hostname="LAPTOP-QA0S0V7P" failures="0" tests="2" name="Test(failed)" time="0.071" errors="0" timestamp="2022-06-14T19:50:04 IST">
  <testcase classname="xmlStudy.NewTest1" name="MyMethod2" time="0.01"/>
  <testcase classname="xmlStudy.NewTest1" name="MyMethod1" time="0.001"/>
  <testcase classname="xmlStudy.NewTest1" name="MyMethod3" time="0.0">
    <ignored/>
  </testcase> <!-- MyMethod3 -->
  <testcase classname="xmlStudy.NewTest1" name="MyMethod4" time="0.0">
    <ignored/>
  </testcase> <!-- MyMethod4 -->
  <testcase classname="xmlStudy.NewTest1" name="MyMethod6" time="0.0">
    <ignored/>
  </testcase> <!-- MyMethod6 -->
  <testcase classname="xmlStudy.NewTest1" name="MyMethod5" time="0.0">
    <ignored/>
  </testcase> <!-- MyMethod5 -->
</testsuite> <!-- Test(failed) -->
